........................                                                 [100%]
- generated xml file: /home/petar/projects/CoachApp/testing/.artifacts/baseline-20260925T102731Z-62389/junit.xml -
================================ tests coverage ================================
_______________ coverage: platform linux, python 3.12.3-final-0 ________________

Name                                                                   Stmts   Miss Branch BrPart  Cover
--------------------------------------------------------------------------------------------------------
/home/petar/projects/CoachApp/backend/app/services/garmin_extract.py     112      5     32      8    90%
/home/petar/projects/CoachApp/backend/app/services/schedule.py            21      0      4      0   100%
/home/petar/projects/CoachApp/backend/app/services/targets.py            107     11     24      3    86%
--------------------------------------------------------------------------------------------------------
TOTAL                                                                    240     16     60     11    89%
Coverage HTML written to dir /home/petar/projects/CoachApp/testing/.artifacts/baseline-20260925T102731Z-62389/coverage-html
Coverage XML written to file /home/petar/projects/CoachApp/testing/.artifacts/baseline-20260925T102731Z-62389/coverage.xml
Coverage JSON written to file /home/petar/projects/CoachApp/testing/.artifacts/baseline-20260925T102731Z-62389/coverage.json
24 passed in 1.80s
