<?xml version="1.0" encoding="utf-8"?><testsuites><testsuite name="pytest" errors="0" failures="0" skipped="0" tests="24" time="1.725" timestamp="2026-09-25T12:27:42.068887+02:00" hostname="PetarSrbinoski"><testcase classname="testing.baseline.test_garmin" name="test_absent_and_null_candidates_are_missing" time="0.003" /><testcase classname="testing.baseline.test_garmin" name="test_hrv_partition_and_inclusive_boundaries[payload0-missing-None]" time="0.001" /><testcase classname="testing.baseline.test_garmin" name="test_hrv_partition_and_inclusive_boundaries[payload1-ok-1.0]" time="0.001" /><testcase classname="testing.baseline.test_garmin" name="test_hrv_partition_and_inclusive_boundaries[payload2-ok-300.0]" time="0.001" /><testcase classname="testing.baseline.test_garmin" name="test_hrv_partition_and_inclusive_boundaries[payload3-implausible-None]" time="0.001" /><testcase classname="testing.baseline.test_garmin" name="test_hrv_partition_and_inclusive_boundaries[payload4-implausible-None]" time="0.001" /><testcase classname="testing.baseline.test_garmin" name="test_steps_accept_zero_and_inclusive_bounds[0-ok-0.0]" time="0.001" /><testcase classname="testing.baseline.test_garmin" name="test_steps_accept_zero_and_inclusive_bounds[100000-ok-100000.0]" time="0.001" /><testcase classname="testing.baseline.test_garmin" name="test_steps_accept_zero_and_inclusive_bounds[-1-implausible-None]" time="0.001" /><testcase classname="testing.baseline.test_garmin" name="test_steps_accept_zero_and_inclusive_bounds[100001-implausible-None]" time="0.000" /><testcase classname="testing.baseline.test_garmin" name="test_supported_fallback_paths_and_preferred_candidate" time="0.000" /><testcase classname="testing.baseline.test_garmin" name="test_present_invalid_preferred_value_does_not_fall_through" time="0.000" /><testcase classname="testing.baseline.test_garmin" name="test_payload_only_metrics_have_no_scalar_even_when_present" time="0.000" /><testcase classname="testing.baseline.test_schedule" name="test_all_supported_types_keep_monday_to_sunday_order" time="0.001" /><testcase classname="testing.baseline.test_schedule" name="test_case_and_surrounding_space_do_not_change_schedule" time="0.001" /><testcase classname="testing.baseline.test_schedule" name="test_malformed_schedule_is_rejected[-exactly 7]" time="0.001" /><testcase classname="testing.baseline.test_schedule" name="test_malformed_schedule_is_rejected[rest,gym,fencing,double,competition,rest-exactly 7]" time="0.001" /><testcase classname="testing.baseline.test_schedule" name="test_malformed_schedule_is_rejected[rest,gym,fencing,double,competition,rest,gym,rest-exactly 7]" time="0.001" /><testcase classname="testing.baseline.test_schedule" name="test_malformed_schedule_is_rejected[rest,gym,fencing,double,competition,rest,-invalid day type]" time="0.001" /><testcase classname="testing.baseline.test_schedule" name="test_malformed_schedule_is_rejected[rest,gym,fencing,unknown,competition,rest,gym-invalid day type]" time="0.001" /><testcase classname="testing.baseline.test_targets" name="test_missing_profile_fallback_and_two_profile_weights" time="0.361" /><testcase classname="testing.baseline.test_targets" name="test_phase_and_day_type_change_targets" time="0.291" /><testcase classname="testing.baseline.test_targets" name="test_four_vs_five_usable_history_days_and_window_endpoints" time="0.283" /><testcase classname="testing.baseline.test_targets" name="test_manual_selection_precedes_competition_and_activity_only_on_its_day" time="0.280" /></testsuite></testsuites>