<?xml version="1.0" encoding="utf-8"?><testsuites><testsuite name="pytest" errors="0" failures="0" skipped="0" tests="37" time="20.796" timestamp="2026-09-25T12:28:41.632370+02:00" hostname="PetarSrbinoski"><properties>
[...]
</properties><testcase classname="testing.baseline.test_garmin" name="test_absent_and_null_candidates_are_missing" time="0.004" /><testcase classname="testing.baseline.test_garmin" name="test_hrv_partition_and_inclusive_boundaries[payload0-missing-None]" time="0.001" /><testcase classname="testing.baseline.test_garmin" name="test_hrv_partition_and_inclusive_boundaries[payload1-ok-1.0]" time="0.001" /><testcase classname="testing.baseline.test_garmin" name="test_hrv_partition_and_inclusive_boundaries[payload2-ok-300.0]" time="0.001" /><testcase classname="testing.baseline.test_garmin" name="test_hrv_partition_and_inclusive_boundaries[payload3-implausible-None]" time="0.000" /><testcase classname="testing.baseline.test_garmin" name="test_hrv_partition_and_inclusive_boundaries[payload4-implausible-None]" time="0.000" /><testcase classname="testing.baseline.test_garmin" name="test_steps_accept_zero_and_inclusive_bounds[0-ok-0.0]" time="0.001" /><testcase classname="testing.baseline.test_garmin" name="test_steps_accept_zero_and_inclusive_bounds[100000-ok-100000.0]" time="0.000" /><testcase classname="testing.baseline.test_garmin" name="test_steps_accept_zero_and_inclusive_bounds[-1-implausible-None]" time="0.000" /><testcase classname="testing.baseline.test_garmin" name="test_steps_accept_zero_and_inclusive_bounds[100001-implausible-None]" time="0.001" /><testcase classname="testing.baseline.test_garmin" name="test_supported_fallback_paths_and_preferred_candidate" time="0.000" /><testcase classname="testing.baseline.test_garmin" name="test_present_invalid_preferred_value_does_not_fall_through" time="0.000" /><testcase classname="testing.baseline.test_garmin" name="test_payload_only_metrics_have_no_scalar_even_when_present" time="0.000" /><testcase classname="testing.baseline.test_schedule" name="test_all_supported_types_keep_monday_to_sunday_order" time="0.001" /><testcase classname="testing.baseline.test_schedule" name="test_case_and_surrounding_space_do_not_change_schedule" time="0.000" /><testcase classname="testing.baseline.test_schedule" name="test_malformed_schedule_is_rejected[-exactly 7]" time="0.001" /><testcase classname="testing.baseline.test_schedule" name="test_malformed_schedule_is_rejected[rest,gym,fencing,double,competition,rest-exactly 7]" time="0.001" /><testcase classname="testing.baseline.test_schedule" name="test_malformed_schedule_is_rejected[rest,gym,fencing,double,competition,rest,gym,rest-exactly 7]" time="0.001" /><testcase classname="testing.baseline.test_schedule" name="test_malformed_schedule_is_rejected[rest,gym,fencing,double,competition,rest,-invalid day type]" time="0.001" /><testcase classname="testing.baseline.test_schedule" name="test_malformed_schedule_is_rejected[rest,gym,fencing,unknown,competition,rest,gym-invalid day type]" time="0.001" /><testcase classname="testing.baseline.test_targets" name="test_missing_profile_fallback_and_two_profile_weights" time="0.350" /><testcase classname="testing.baseline.test_targets" name="test_phase_and_day_type_change_targets" time="0.282" /><testcase classname="testing.baseline.test_targets" name="test_four_vs_five_usable_history_days_and_window_endpoints" time="0.275" /><testcase classname="testing.baseline.test_targets" name="test_manual_selection_precedes_competition_and_activity_only_on_its_day" time="0.275" /><testcase classname="testing.properties.test_garmin_properties" name="test_supported_optional_and_list_shapes_never_trust_out_of_range_values" time="0.303" /><testcase classname="testing.properties.test_garmin_properties" name="test_trusted_scalar_results_are_finite_and_in_range" time="0.149" /><testcase classname="testing.properties.test_garmin_properties" name="test_hrv_precedence_distinguishes_absent_and_present_invalid" time="0.092" /><testcase classname="testing.properties.test_garmin_properties" name="test_unrelated_keys_do_not_change_semantic_extraction" time="0.098" /><testcase classname="testing.properties.test_garmin_properties" name="test_allowed_zero_and_immediate_step_boundaries" time="0.064" /><testcase classname="testing.properties.test_garmin_properties" name="test_non_json_floats_are_never_trusted" time="0.006" /><testcase classname="testing.properties.test_schedule_properties" name="test_every_valid_week_preserves_order" time="0.114" /><testcase classname="testing.properties.test_schedule_properties" name="test_supported_case_and_space_changes_preserve_lookup" time="0.135" /><testcase classname="testing.properties.test_schedule_properties" name="test_generated_invalid_token_is_rejected" time="0.135" /><testcase classname="testing.properties.test_schedule_properties" name="test_generated_wrong_lengths_are_rejected" time="0.158" /><testcase classname="testing.properties.test_targets_properties" name="test_valid_weights_and_types_keep_outputs_finite_and_monotone" time="5.518" /><testcase classname="testing.properties.test_targets_properties" name="test_irrelevant_history_and_row_order_leave_maintenance_unchanged" time="7.862" /><testcase classname="testing.properties.test_targets_properties" name="test_unrelated_date_override_does_not_change_selected_day" time="4.179" /></testsuite></testsuites>